[    8803ms] [LOG] [Client Instrumentation Hook] Slow execution detected: 46ms (Note: Code download overhead is not included in this measurement) @ http://localhost:3000/_next/static/chunks/node_modules_%40sentry_core_build_esm_0w6j609._.js:10848
[    8814ms] [INFO] %cDownload the React DevTools for a better development experience: https://react.dev/link/react-devtools font-weight:bold @ http://localhost:3000/_next/static/chunks/node_modules_%40sentry_core_build_esm_0w6j609._.js:10848
[    8913ms] [LOG] [HMR] connected @ http://localhost:3000/_next/static/chunks/node_modules_%40sentry_core_build_esm_0w6j609._.js:10848
[    9072ms] [LOG] [Fast Refresh] rebuilding @ http://localhost:3000/_next/static/chunks/node_modules_%40sentry_core_build_esm_0w6j609._.js:10848
[    9979ms] [LOG] [Fast Refresh] done in 1022ms @ http://localhost:3000/_next/static/chunks/node_modules_%40sentry_core_build_esm_0w6j609._.js:10848
[  183225ms] [LOG] [Fast Refresh] rebuilding @ http://localhost:3000/_next/static/chunks/node_modules_%40sentry_core_build_esm_0w6j609._.js:10848
[  184867ms] [LOG] [Fast Refresh] done in 1745ms @ http://localhost:3000/_next/static/chunks/node_modules_%40sentry_core_build_esm_0w6j609._.js:10848
[  185027ms] [LOG] [Fast Refresh] rebuilding @ http://localhost:3000/_next/static/chunks/node_modules_%40sentry_core_build_esm_0w6j609._.js:10848
[  192236ms] [LOG] [Fast Refresh] done in 7314ms @ http://localhost:3000/_next/static/chunks/node_modules_%40sentry_core_build_esm_0w6j609._.js:10848
[  192943ms] [LOG] [Fast Refresh] rebuilding @ http://localhost:3000/_next/static/chunks/node_modules_%40sentry_core_build_esm_0w6j609._.js:10848
[  193449ms] [LOG] [Fast Refresh] done in 613ms @ http://localhost:3000/_next/static/chunks/node_modules_%40sentry_core_build_esm_0w6j609._.js:10848
[  198240ms] [LOG] [Fast Refresh] rebuilding @ http://localhost:3000/_next/static/chunks/node_modules_%40sentry_core_build_esm_0w6j609._.js:10848
[  198282ms] [LOG] [Fast Refresh] done in 148ms @ http://localhost:3000/_next/static/chunks/node_modules_%40sentry_core_build_esm_0w6j609._.js:10848
[  217174ms] [LOG] [Fast Refresh] rebuilding @ http://localhost:3000/_next/static/chunks/node_modules_%40sentry_core_build_esm_0w6j609._.js:10848
[  217186ms] [LOG] [Fast Refresh] done in 116ms @ http://localhost:3000/_next/static/chunks/node_modules_%40sentry_core_build_esm_0w6j609._.js:10848
[  374603ms] [LOG] [Fast Refresh] rebuilding @ http://localhost:3000/_next/static/chunks/node_modules_%40sentry_core_build_esm_0w6j609._.js:10848
[  374743ms] [LOG] [Fast Refresh] done in 246ms @ http://localhost:3000/_next/static/chunks/node_modules_%40sentry_core_build_esm_0w6j609._.js:10848
[  409181ms] [LOG] [Fast Refresh] rebuilding @ http://localhost:3000/_next/static/chunks/node_modules_%40sentry_core_build_esm_0w6j609._.js:10848
[  409377ms] [LOG] [Fast Refresh] done in 296ms @ http://localhost:3000/_next/static/chunks/node_modules_%40sentry_core_build_esm_0w6j609._.js:10848
[  410312ms] [LOG] [Fast Refresh] rebuilding @ http://localhost:3000/_next/static/chunks/node_modules_%40sentry_core_build_esm_0w6j609._.js:10848
[  410338ms] [LOG] [Fast Refresh] done in 127ms @ http://localhost:3000/_next/static/chunks/node_modules_%40sentry_core_build_esm_0w6j609._.js:10848
[  450929ms] [LOG] [Fast Refresh] rebuilding @ http://localhost:3000/_next/static/chunks/node_modules_%40sentry_core_build_esm_0w6j609._.js:10848
[  451031ms] [LOG] [Fast Refresh] done in 211ms @ http://localhost:3000/_next/static/chunks/node_modules_%40sentry_core_build_esm_0w6j609._.js:10848
[  454061ms] [LOG] [Fast Refresh] rebuilding @ http://localhost:3000/_next/static/chunks/node_modules_%40sentry_core_build_esm_0w6j609._.js:10848
[  454081ms] [LOG] [Fast Refresh] done in 130ms @ http://localhost:3000/_next/static/chunks/node_modules_%40sentry_core_build_esm_0w6j609._.js:10848
[  455473ms] [LOG] [Fast Refresh] rebuilding @ http://localhost:3000/_next/static/chunks/node_modules_%40sentry_core_build_esm_0w6j609._.js:10848
[  455475ms] [LOG] [Fast Refresh] done in 103ms @ http://localhost:3000/_next/static/chunks/node_modules_%40sentry_core_build_esm_0w6j609._.js:10848
[  455582ms] [LOG] [Fast Refresh] rebuilding @ http://localhost:3000/_next/static/chunks/node_modules_%40sentry_core_build_esm_0w6j609._.js:10848
[  455616ms] [LOG] [Fast Refresh] done in 136ms @ http://localhost:3000/_next/static/chunks/node_modules_%40sentry_core_build_esm_0w6j609._.js:10848
[  455970ms] [LOG] [Fast Refresh] rebuilding @ http://localhost:3000/_next/static/chunks/node_modules_%40sentry_core_build_esm_0w6j609._.js:10848
[  455972ms] [LOG] [Fast Refresh] done in 102ms @ http://localhost:3000/_next/static/chunks/node_modules_%40sentry_core_build_esm_0w6j609._.js:10848
[  458132ms] [LOG] [Fast Refresh] rebuilding @ http://localhost:3000/_next/static/chunks/node_modules_%40sentry_core_build_esm_0w6j609._.js:10848
[  458134ms] [LOG] [Fast Refresh] done in 103ms @ http://localhost:3000/_next/static/chunks/node_modules_%40sentry_core_build_esm_0w6j609._.js:10848
[  477971ms] [LOG] [Fast Refresh] rebuilding @ http://localhost:3000/_next/static/chunks/node_modules_%40sentry_core_build_esm_0w6j609._.js:10848
[  481059ms] [LOG] [Fast Refresh] done in 3191ms @ http://localhost:3000/_next/static/chunks/node_modules_%40sentry_core_build_esm_0w6j609._.js:10848
[  488425ms] [LOG] [Fast Refresh] rebuilding @ http://localhost:3000/_next/static/chunks/node_modules_%40sentry_core_build_esm_0w6j609._.js:10848
[  488450ms] [LOG] [Fast Refresh] done in 129ms @ http://localhost:3000/_next/static/chunks/node_modules_%40sentry_core_build_esm_0w6j609._.js:10848
[  488910ms] [LOG] [Fast Refresh] rebuilding @ http://localhost:3000/_next/static/chunks/node_modules_%40sentry_core_build_esm_0w6j609._.js:10848
[  492113ms] [LOG] [Fast Refresh] done in 3306ms @ http://localhost:3000/_next/static/chunks/node_modules_%40sentry_core_build_esm_0w6j609._.js:10848
